<?xml version="1.0" encoding="utf-8"?>
<helpItems xmlns:maml="http://schemas.microsoft.com/maml/2004/10" xmlns:command="http://schemas.microsoft.com/maml/dev/command/2004/10" xmlns:dev="http://schemas.microsoft.com/maml/dev/2004/10" schema="maml" xmlns="http://msh">
  <command:command>
    <command:details>
      <command:name>Test-NetConnection</command:name>
      <maml:description>
        <maml:para>Displays diagnostic information for a connection.</maml:para>
      </maml:description>
      <command:verb>Test</command:verb>
      <command:noun>NetConnection</command:noun>
    </command:details>
    <maml:description>
      <maml:para>The **Test-NetConnection** cmdlet displays diagnostic information for a connection. It supports ping test, TCP test, route tracing, and route selection diagnostics. Depending on the input parameters, the output can include the DNS lookup results, a list of IP interfaces, IPsec rules, route/source address selection results, and/or confirmation of connection establishment.</maml:para>
    </maml:description>
    <command:syntax>
      <command:syntaxItem>
        <maml:name>Test-NetConnection</maml:name>
        <command:parameter required="false" variableLength="false" globbing="false" pipelineInput="false" position="0" aliases="none">
          <maml:name>ComputerName</maml:name>
          <maml:description>
            <maml:para>Specifies the Domain Name System (DNS) name or IP address of the target computer.</maml:para>
          </maml:description>
          <command:parameterValue required="false" variableLength="true">String</command:parameterValue>
        </command:parameter>
        <command:parameter required="false" variableLength="false" globbing="false" pipelineInput="false" position="Named" aliases="none">
          <maml:name>Hops</maml:name>
          <maml:description>
            <maml:para>Specifies the number of hops to traverse in a trace route command.</maml:para>
          </maml:description>
          <command:parameterValue required="false" variableLength="true">Int32</command:parameterValue>
        </command:parameter>
        <command:parameter required="false" variableLength="false" globbing="false" pipelineInput="false" position="Named" aliases="none">
          <maml:name>InformationLevel</maml:name>
          <maml:description>
            <maml:para>Specifies the information level.
The acceptable values for this parameter are:</maml:para>
            <maml:para>- Detailed
- Quiet</maml:para>
            <maml:para>If you set this parameter to Quiet, the cmdlet returns basic information.
For example, for a ping test, this cmdlet returns a Boolean value that indicates whether the attempt to ping a host or port is successful.</maml:para>
          </maml:description>
          <command:parameterValue required="false" variableLength="true">String</command:parameterValue>
        </command:parameter>
        <command:parameter required="false" variableLength="false" globbing="false" pipelineInput="false" position="Named" aliases="none">
          <maml:name>TraceRoute</maml:name>
          <maml:description>
            <maml:para>Indicates that Tracert runs to test connectivity to the remote host.</maml:para>
          </maml:description>
          <command:parameterValue required="false" variableLength="true">SwitchParameter</command:parameterValue>
        </command:parameter>
      </command:syntaxItem>
      <command:syntaxItem>
        <maml:name>Test-NetConnection</maml:name>
        <command:parameter required="true" variableLength="false" globbing="false" pipelineInput="false" position="1" aliases="none">
          <maml:name>CommonTCPPort</maml:name>
          <maml:description>
            <maml:para>Specifies the common service TCP port number.
The acceptable values for this parameter are:</maml:para>
            <maml:para>- SMB
- HTTP
- RDP
- WINRM</maml:para>
          </maml:description>
          <command:parameterValue required="true" variableLength="true">String</command:parameterValue>
        </command:parameter>
        <command:parameter required="false" variableLength="false" globbing="false" pipelineInput="false" position="0" aliases="none">
          <maml:name>ComputerName</maml:name>
          <maml:description>
            <maml:para>Specifies the Domain Name System (DNS) name or IP address of the target computer.</maml:para>
          </maml:description>
          <command:parameterValue required="false" variableLength="true">String</command:parameterValue>
        </command:parameter>
        <command:parameter required="false" variableLength="false" globbing="false" pipelineInput="false" position="Named" aliases="none">
          <maml:name>InformationLevel</maml:name>
          <maml:description>
            <maml:para>Specifies the information level.
The acceptable values for this parameter are:</maml:para>
            <maml:para>- Detailed
- Quiet</maml:para>
            <maml:para>If you set this parameter to Quiet, the cmdlet returns basic information.
For example, for a ping test, this cmdlet returns a Boolean value that indicates whether the attempt to ping a host or port is successful.</maml:para>
          </maml:description>
          <command:parameterValue required="false" variableLength="true">String</command:parameterValue>
        </command:parameter>
      </command:syntaxItem>
      <command:syntaxItem>
        <maml:name>Test-NetConnection</maml:name>
        <command:parameter required="false" variableLength="false" globbing="false" pipelineInput="false" position="0" aliases="none">
          <maml:name>ComputerName</maml:name>
          <maml:description>
            <maml:para>Specifies the Domain Name System (DNS) name or IP address of the target computer.</maml:para>
          </maml:description>
          <command:parameterValue required="false" variableLength="true">String</command:parameterValue>
        </command:parameter>
        <command:parameter required="false" variableLength="false" globbing="false" pipelineInput="false" position="Named" aliases="none">
          <maml:name>InformationLevel</maml:name>
          <maml:description>
            <maml:para>Specifies the information level.
The acceptable values for this parameter are:</maml:para>
            <maml:para>- Detailed
- Quiet</maml:para>
            <maml:para>If you set this parameter to Quiet, the cmdlet returns basic information.
For example, for a ping test, this cmdlet returns a Boolean value that indicates whether the attempt to ping a host or port is successful.</maml:para>
          </maml:description>
          <command:parameterValue required="false" variableLength="true">String</command:parameterValue>
        </command:parameter>
        <command:parameter required="true" variableLength="false" globbing="false" pipelineInput="false" position="Named" aliases="none">
          <maml:name>Port</maml:name>
          <maml:description>
            <maml:para>Specifies the TCP port number on the remote computer.
The cmdlet uses this port number to test connectivity to the remote computer.</maml:para>
          </maml:description>
          <command:parameterValue required="true" variableLength="true">Int32</command:parameterValue>
        </command:parameter>
      </command:syntaxItem>
      <command:syntaxItem>
        <maml:name>Test-NetConnection</maml:name>
        <command:parameter required="false" variableLength="false" globbing="false" pipelineInput="false" position="0" aliases="none">
          <maml:name>ComputerName</maml:name>
          <maml:description>
            <maml:para>Specifies the Domain Name System (DNS) name or IP address of the target computer.</maml:para>
          </maml:description>
          <command:parameterValue required="false" variableLength="true">String</command:parameterValue>
        </command:parameter>
        <command:parameter required="false" variableLength="false" globbing="false" pipelineInput="false" position="Named" aliases="none">
          <maml:name>ConstrainInterface</maml:name>
          <maml:description>
            <maml:para>Specifies the interface constraint to use for route diagnostics.</maml:para>
          </maml:description>
          <command:parameterValue required="false" variableLength="true">UInt32</command:parameterValue>
        </command:parameter>
        <command:parameter required="false" variableLength="false" globbing="false" pipelineInput="false" position="Named" aliases="none">
          <maml:name>ConstrainSourceAddress</maml:name>
          <maml:description>
            <maml:para>Specifies the source address constraint to use for route diagnostics.</maml:para>
          </maml:description>
          <command:parameterValue required="false" variableLength="true">String</command:parameterValue>
        </command:parameter>
        <command:parameter required="true" variableLength="false" globbing="false" pipelineInput="false" position="Named" aliases="none">
          <maml:name>DiagnoseRouting</maml:name>
          <maml:description>
            <maml:para>Indicates that route diagnostics runs to output the route and source address selection information for the remote host.</maml:para>
          </maml:description>
          <command:parameterValue required="true" variableLength="true">SwitchParameter</command:parameterValue>
        </command:parameter>
        <command:parameter required="false" variableLength="false" globbing="false" pipelineInput="false" position="Named" aliases="none">
          <maml:name>InformationLevel</maml:name>
          <maml:description>
            <maml:para>Specifies the information level.
The acceptable values for this parameter are:</maml:para>
            <maml:para>- Detailed
- Quiet</maml:para>
            <maml:para>If you set this parameter to Quiet, the cmdlet returns basic information.
For example, for a ping test, this cmdlet returns a Boolean value that indicates whether the attempt to ping a host or port is successful.</maml:para>
          </maml:description>
          <command:parameterValue required="false" variableLength="true">String</command:parameterValue>
        </command:parameter>
      </command:syntaxItem>
    </command:syntax>
    <command:parameters>
      <command:parameter required="true" variableLength="false" globbing="false" pipelineInput="false" position="1" aliases="none">
        <maml:name>CommonTCPPort</maml:name>
        <maml:description>
          <maml:para>Specifies the common service TCP port number.
The acceptable values for this parameter are:</maml:para>
          <maml:para>- SMB
- HTTP
- RDP
- WINRM</maml:para>
        </maml:description>
        <command:parameterValue required="true" variableLength="true">String</command:parameterValue>
      </command:parameter>
      <command:parameter required="false" variableLength="false" globbing="false" pipelineInput="false" position="0" aliases="none">
        <maml:name>ComputerName</maml:name>
        <maml:description>
          <maml:para>Specifies the Domain Name System (DNS) name or IP address of the target computer.</maml:para>
        </maml:description>
        <command:parameterValue required="false" variableLength="true">String</command:parameterValue>
      </command:parameter>
      <command:parameter required="false" variableLength="false" globbing="false" pipelineInput="false" position="Named" aliases="none">
        <maml:name>ConstrainInterface</maml:name>
        <maml:description>
          <maml:para>Specifies the interface constraint to use for route diagnostics.</maml:para>
        </maml:description>
        <command:parameterValue required="false" variableLength="true">UInt32</command:parameterValue>
      </command:parameter>
      <command:parameter required="false" variableLength="false" globbing="false" pipelineInput="false" position="Named" aliases="none">
        <maml:name>ConstrainSourceAddress</maml:name>
        <maml:description>
          <maml:para>Specifies the source address constraint to use for route diagnostics.</maml:para>
        </maml:description>
        <command:parameterValue required="false" variableLength="true">String</command:parameterValue>
      </command:parameter>
      <command:parameter required="true" variableLength="false" globbing="false" pipelineInput="false" position="Named" aliases="none">
        <maml:name>DiagnoseRouting</maml:name>
        <maml:description>
          <maml:para>Indicates that route diagnostics runs to output the route and source address selection information for the remote host.</maml:para>
        </maml:description>
        <command:parameterValue required="true" variableLength="true">SwitchParameter</command:parameterValue>
      </command:parameter>
      <command:parameter required="false" variableLength="false" globbing="false" pipelineInput="false" position="Named" aliases="none">
        <maml:name>Hops</maml:name>
        <maml:description>
          <maml:para>Specifies the number of hops to traverse in a trace route command.</maml:para>
        </maml:description>
        <command:parameterValue required="false" variableLength="true">Int32</command:parameterValue>
      </command:parameter>
      <command:parameter required="false" variableLength="false" globbing="false" pipelineInput="false" position="Named" aliases="none">
        <maml:name>InformationLevel</maml:name>
        <maml:description>
          <maml:para>Specifies the information level.
The acceptable values for this parameter are:</maml:para>
          <maml:para>- Detailed
- Quiet</maml:para>
          <maml:para>If you set this parameter to Quiet, the cmdlet returns basic information.
For example, for a ping test, this cmdlet returns a Boolean value that indicates whether the attempt to ping a host or port is successful.</maml:para>
        </maml:description>
        <command:parameterValue required="false" variableLength="true">String</command:parameterValue>
      </command:parameter>
      <command:parameter required="true" variableLength="false" globbing="false" pipelineInput="false" position="Named" aliases="none">
        <maml:name>Port</maml:name>
        <maml:description>
          <maml:para>Specifies the TCP port number on the remote computer.
The cmdlet uses this port number to test connectivity to the remote computer.</maml:para>
        </maml:description>
        <command:parameterValue required="true" variableLength="true">Int32</command:parameterValue>
      </command:parameter>
      <command:parameter required="false" variableLength="false" globbing="false" pipelineInput="false" position="Named" aliases="none">
        <maml:name>TraceRoute</maml:name>
        <maml:description>
          <maml:para>Indicates that Tracert runs to test connectivity to the remote host.</maml:para>
        </maml:description>
        <command:parameterValue required="false" variableLength="true">SwitchParameter</command:parameterValue>
      </command:parameter>
    </command:parameters>
    <command:inputTypes>
      <command:inputType>
        <dev:type>
          <dev:name>None</dev:name>
        </dev:type>
        <maml:description>
          <maml:para />
        </maml:description>
      </command:inputType>
    </command:inputTypes>
    <command:returnValues>
      <command:returnValue>
        <dev:type>
          <dev:name>NetRouteDiagnostics</dev:name>
        </dev:type>
        <maml:description>
          <maml:para>This object displays route diagnostics information and is returned if you specify the NetRouteDiagnostics parameter set.</maml:para>
        </maml:description>
      </command:returnValue>
      <command:returnValue>
        <dev:type>
          <dev:name>NetConnectionResults</dev:name>
        </dev:type>
        <maml:description>
          <maml:para>This object displays connection results and is returned if you specify the CommonTCPPort, RemotePort, or ICMP parameter set.</maml:para>
        </maml:description>
      </command:returnValue>
    </command:returnValues>
    <maml:alertSet>
      <maml:alert>
        <maml:para />
      </maml:alert>
    </maml:alertSet>
    <command:examples>
      <command:example>
        <maml:title>--------- Example 1: Test ping connectivity ---------</maml:title>
        <maml:introduction>
          <maml:para>```
PS C:\&gt; Test-NetConnection
ComputerName           : internetbeacon.msedge.net</maml:para>
          <maml:para>&#x80;</maml:para>
          <maml:para>RemoteAddress          : 2a01:111:2003::52</maml:para>
          <maml:para>&#x80;</maml:para>
          <maml:para>InterfaceAlias         : Ethernet</maml:para>
          <maml:para>&#x80;</maml:para>
          <maml:para>SourceAddress          : 2001:4898:d8:33:81e8:7b49:8bf5:8710</maml:para>
          <maml:para>&#x80;</maml:para>
          <maml:para>PingSucceeded          : True</maml:para>
          <maml:para>&#x80;</maml:para>
          <maml:para>PingReplyDetails (RTT) : 5 ms
```</maml:para>
          <maml:para>&#x80;</maml:para>
          <maml:para>This command tests ping connectivity to a default server.</maml:para>
        </maml:introduction>
        <dev:code />
        <dev:remarks />
      </command:example>
      <command:example>
        <maml:title>--------- Example 2: Test ping connectivity with detailed results ---------</maml:title>
        <maml:introduction>
          <maml:para>```
PS C:\&gt; Test-NetConnection -InformationLevel "Detailed"
ComputerName           : internetbeacon.msedge.net</maml:para>
          <maml:para>&#x80;</maml:para>
          <maml:para>RemoteAddress          : 2a01:111:2003::52</maml:para>
          <maml:para>&#x80;</maml:para>
          <maml:para>NameResolutionResults  : 2a01:111:2003::52</maml:para>
          <maml:para>&#x80;</maml:para>
          <maml:para>13.107.4.52</maml:para>
          <maml:para>&#x80;</maml:para>
          <maml:para>InterfaceAlias         : Ethernet</maml:para>
          <maml:para>&#x80;</maml:para>
          <maml:para>SourceAddress          : 2001:4898:d8:33:81e8:7b49:8bf5:8710</maml:para>
          <maml:para>&#x80;</maml:para>
          <maml:para>NetRoute (NextHop)     : fe80::200:5eff:fe00:203</maml:para>
          <maml:para>&#x80;</maml:para>
          <maml:para>PingSucceeded          : True</maml:para>
          <maml:para>&#x80;</maml:para>
          <maml:para>PingReplyDetails (RTT) : 6 ms
```</maml:para>
          <maml:para>&#x80;</maml:para>
          <maml:para>This command tests ping connectivity to a default server and sets the *InformationLevel* parameter to Detailed.</maml:para>
        </maml:introduction>
        <dev:code />
        <dev:remarks />
      </command:example>
      <command:example>
        <maml:title>--------- Example 3: Test TCP connectivity and display detailed results ---------</maml:title>
        <maml:introduction>
          <maml:para>```
PS C:\&gt; Test-NetConnection -Port 80 -InformationLevel "Detailed"
ComputerName            : internetbeacon.msedge.net</maml:para>
          <maml:para>&#x80;</maml:para>
          <maml:para>RemoteAddress           : 2a01:111:2003::52</maml:para>
          <maml:para>&#x80;</maml:para>
          <maml:para>RemotePort              : 80</maml:para>
          <maml:para>&#x80;</maml:para>
          <maml:para>NameResolutionResults   : 2a01:111:2003::52</maml:para>
          <maml:para>&#x80;</maml:para>
          <maml:para>13.107.4.52</maml:para>
          <maml:para>&#x80;</maml:para>
          <maml:para>MatchingIPsecRules      : Ipsec/Domain-TrafficFromInternet-v6</maml:para>
          <maml:para>&#x80;</maml:para>
          <maml:para>NetworkIsolationContext : Internet</maml:para>
          <maml:para>&#x80;</maml:para>
          <maml:para>IsAdmin                 : False</maml:para>
          <maml:para>&#x80;</maml:para>
          <maml:para>InterfaceAlias          : Ethernet</maml:para>
          <maml:para>&#x80;</maml:para>
          <maml:para>SourceAddress           : 2001:4898:d8:33:81e8:7b49:8bf5:8710</maml:para>
          <maml:para>&#x80;</maml:para>
          <maml:para>NetRoute (NextHop)      : fe80::200:5eff:fe00:203</maml:para>
          <maml:para>&#x80;</maml:para>
          <maml:para>TcpTestSucceeded        : True
```</maml:para>
          <maml:para>&#x80;</maml:para>
          <maml:para>This command tests TCP connectivity to a default server and sets the *InformationLevel* parameter to Detailed.</maml:para>
        </maml:introduction>
        <dev:code />
        <dev:remarks />
      </command:example>
      <command:example>
        <maml:title>--------- Example 4: Test a connection to a remote host ---------</maml:title>
        <maml:introduction>
          <maml:para>```
PS C:\&gt; Test-NetConnection -ComputerName "www.contoso.com" -InformationLevel "Detailed"
PingReplyDetails (RTT) : 164 ms</maml:para>
          <maml:para>&#x80;</maml:para>
          <maml:para>ComputerName           : www.contoso.com</maml:para>
          <maml:para>&#x80;</maml:para>
          <maml:para>RemoteAddress          : 65.55.39.10</maml:para>
          <maml:para>&#x80;</maml:para>
          <maml:para>NameResolutionResults  : 65.55.39.10</maml:para>
          <maml:para>&#x80;</maml:para>
          <maml:para>64.4.6.100</maml:para>
          <maml:para>&#x80;</maml:para>
          <maml:para>InterfaceAlias         : Ethernet</maml:para>
          <maml:para>&#x80;</maml:para>
          <maml:para>SourceAddress          : 10.137.193.122</maml:para>
          <maml:para>&#x80;</maml:para>
          <maml:para>NetRoute (NextHop)     : 10.137.192.1</maml:para>
          <maml:para>&#x80;</maml:para>
          <maml:para>PingSucceeded          : True</maml:para>
          <maml:para>&#x80;</maml:para>
          <maml:para>PingReplyDetails (RTT) : 164 ms
```</maml:para>
          <maml:para>&#x80;</maml:para>
          <maml:para>This command tests ping connectivity to a remote host named www.contoso.com.</maml:para>
        </maml:introduction>
        <dev:code />
        <dev:remarks />
      </command:example>
      <command:example>
        <maml:title>--------- Example 5: Perform route diagnostics to connect to a remote host ---------</maml:title>
        <maml:introduction>
          <maml:para>```
PS C:\&gt; Test-NetConnection -ComputerName www.contoso.com -DiagnoseRouting -InformationLevel Detailed
ComputerName : www.contoso.com</maml:para>
          <maml:para>&#x80;</maml:para>
          <maml:para>RemoteAddress : 2001:428:3805:187::2768</maml:para>
          <maml:para>&#x80;</maml:para>
          <maml:para>SelectedSourceAddress : 2001:4898:e0:79:f17c:d212:8743:43c2</maml:para>
          <maml:para>&#x80;</maml:para>
          <maml:para>OutgoingInterfaceIndex : 4</maml:para>
          <maml:para>&#x80;</maml:para>
          <maml:para>SelectedNetRoute : DestinationPrefix: ::/0 NextHop: fe80::200:5eff:fe00:202</maml:para>
          <maml:para>&#x80;</maml:para>
          <maml:para>RouteSelectionEvents : IP: Route [DestinationPrefix: ::/0 NextHop: fe80::200:5eff:fe00:202 InterfaceIndex: 4 InterfaceMetric: 10 RouteMetric: 256] is preferred over</maml:para>
          <maml:para>&#x80;</maml:para>
          <maml:para>Route [DestinationPrefix: ::/0 NextHop: fe80::200:5eff:fe00:202 InterfaceIndex: 5 InterfaceMetric: 10 RouteMetric: 256] for
Destination: 2001:428:3805:187::2768 in Compartment: 1, Reason: RouteOrder.</maml:para>
          <maml:para>&#x80;</maml:para>
          <maml:para>SourceAddressSelectionEvents : IP: Source address 2001:4898:e0:79:f17c:d212:8743:43c2 is preferred over fe80::f17c:d212:8743:43c2 for destination 2001:428:3805:187::2768 Rule = 2.0.</maml:para>
          <maml:para>&#x80;</maml:para>
          <maml:para>RouteDiagnosticsSucceeded : True
```</maml:para>
          <maml:para>&#x80;</maml:para>
          <maml:para>This command performs route diagnostics to reach a remote host named www.contoso.com.</maml:para>
        </maml:introduction>
        <dev:code />
        <dev:remarks />
      </command:example>
      <command:example>
        <maml:title>--------- Example 6: Perform route diagnostics to connect to a remote host with routing constraints ---------</maml:title>
        <maml:introduction>
          <maml:para>```
PS C:\&gt; Test-NetConnection -ComputerName "www.contoso.com" -ConstrainInterface 5 -DiagnoseRouting -InformationLevel "Detailed"
ComputerName : www.contoso.com</maml:para>
          <maml:para>&#x80;</maml:para>
          <maml:para>RemoteAddress : 2600:1409:a:185::2768</maml:para>
          <maml:para>&#x80;</maml:para>
          <maml:para>ConstrainInterfaceIndex : 5</maml:para>
          <maml:para>&#x80;</maml:para>
          <maml:para>SelectedSourceAddress : 2001:4898:e0:79:75dd:64cf:d9ff:f86</maml:para>
          <maml:para>&#x80;</maml:para>
          <maml:para>OutgoingInterfaceIndex : 5</maml:para>
          <maml:para>&#x80;</maml:para>
          <maml:para>SelectedNetRoute : DestinationPrefix: ::/0</maml:para>
          <maml:para>&#x80;</maml:para>
          <maml:para>NextHop: fe80::200:5eff:fe00:202</maml:para>
          <maml:para>&#x80;</maml:para>
          <maml:para>RouteSelectionEvents : IP: Route [DestinationPrefix: ::/0 NextHop: fe80::200:5eff:fe00:202 InterfaceIndex: 4</maml:para>
          <maml:para>&#x80;</maml:para>
          <maml:para>RouteMetric: 256] is blocked for Destination: 2600:1409:a:185::2768 ConstrainInterfaceIndex: 5 ConstrainScopeZone: 1 in Compartment: 1, Reason: InterfaceConstraint.</maml:para>
          <maml:para>&#x80;</maml:para>
          <maml:para>SourceAddressSelectionEvents : IP: Source address 2001:4898:e0:79:75dd:64cf:d9ff:f86 is preferred over fe80::75dd:64cf:d9ff:f86 for destination 2600:1409:a:185::2768 Rule = 2.0.</maml:para>
          <maml:para>&#x80;</maml:para>
          <maml:para>IP: Source address 2001:4898:e0:79:75dd:64cf:d9ff:f86 is preferred over fe80::75dd:64cf:d9ff:f86 for destination 2600:1409:a:185::2768 Rule = 2.0.</maml:para>
          <maml:para>&#x80;</maml:para>
          <maml:para>RouteDiagnosticsSucceeded : True
```</maml:para>
          <maml:para>&#x80;</maml:para>
          <maml:para>This command performs route diagnostics to reach a remote host named www.contoso.com with routing constraints.</maml:para>
        </maml:introduction>
        <dev:code />
        <dev:remarks />
      </command:example>
    </command:examples>
    <command:relatedLinks>
      <maml:navigationLink>
        <maml:linkText>Online Version</maml:linkText>
        <command:uri>https://learn.microsoft.com/powershell/module/nettcpip/test-netconnection?view=windowsserver2025-ps&amp;wt.mc_id=ps-gethelp</command:uri>
      </maml:navigationLink>
    </command:relatedLinks>
  </command:command>
</helpItems>